Copyright 1986-2019 Xilinx, Inc. All Rights Reserved.
-------------------------------------------------------------------------------------------------------------------------------
| Tool Version     : Vivado v.2019.1.1 (win64) Build 2580384 Sat Jun 29 08:12:21 MDT 2019
| Date             : Wed Feb  1 20:47:23 2023
| Host             : MSI running 64-bit major release  (build 9200)
| Command          : report_power -file MUX_power_routed.rpt -pb MUX_power_summary_routed.pb -rpx MUX_power_routed.rpx
| Design           : MUX
| Device           : xczu7ev-ffvc1156-2-e
| Design State     : routed
| Grade            : extended
| Process          : typical
| Characterization : Production
-------------------------------------------------------------------------------------------------------------------------------

Power Report

Table of Contents
-----------------
1. Summary
1.1 On-Chip Components
1.2 Power Supply Summary
1.3 Confidence Level
2. Settings
2.1 Environment
2.2 Clock Constraints
3. Detailed Reports
3.1 By Hierarchy

1. Summary
----------

+--------------------------+--------------+
| Total On-Chip Power (W)  | 19.733       |
| Design Power Budget (W)  | Unspecified* |
| Power Budget Margin (W)  | NA           |
| Dynamic (W)              | 18.999       |
| Device Static (W)        | 0.734        |
| Effective TJA (C/W)      | 1.0          |
| Max Ambient (C)          | 80.9         |
| Junction Temperature (C) | 44.1         |
| Confidence Level         | Low          |
| Setting File             | ---          |
| Simulation Activity File | ---          |
| Design Nets Matched      | NA           |
+--------------------------+--------------+
* Specify Design Power Budget using, set_operating_conditions -design_power_budget <value in Watts>


1.1 On-Chip Components
----------------------

+----------------+-----------+----------+-----------+-----------------+
| On-Chip        | Power (W) | Used     | Available | Utilization (%) |
+----------------+-----------+----------+-----------+-----------------+
| CLB Logic      |     0.079 |       32 |       --- |             --- |
|   LUT as Logic |     0.079 |       16 |    230400 |           <0.01 |
| Signals        |     0.542 |       97 |       --- |             --- |
| I/O            |    18.378 |       97 |       360 |           26.94 |
| Static Power   |     0.734 |          |           |                 |
| Total          |    19.733 |          |           |                 |
+----------------+-----------+----------+-----------+-----------------+


1.2 Power Supply Summary
------------------------

+-----------------+-------------+-----------+-------------+------------+
| Source          | Voltage (V) | Total (A) | Dynamic (A) | Static (A) |
+-----------------+-------------+-----------+-------------+------------+
| Vccint          |       0.850 |     1.016 |       0.731 |      0.284 |
| Vccint_io       |       0.850 |     1.154 |       1.076 |      0.078 |
| Vccbram         |       0.850 |     0.004 |       0.000 |      0.004 |
| Vccaux          |       1.800 |     0.142 |       0.000 |      0.142 |
| Vccaux_io       |       1.800 |     2.164 |       2.109 |      0.055 |
| Vcco33          |       3.300 |     0.000 |       0.000 |      0.000 |
| Vcco25          |       2.500 |     0.000 |       0.000 |      0.000 |
| Vcco18          |       1.800 |     7.593 |       7.593 |      0.000 |
| Vcco15          |       1.500 |     0.000 |       0.000 |      0.000 |
| Vcco135         |       1.350 |     0.000 |       0.000 |      0.000 |
| Vcco12          |       1.200 |     0.000 |       0.000 |      0.000 |
| Vcco10          |       1.000 |     0.000 |       0.000 |      0.000 |
| Vccadc          |       1.800 |     0.008 |       0.000 |      0.008 |
| VCC_PSINTFP     |       0.850 |     0.000 |       0.000 |      0.000 |
| VCC_PSINTLP     |       0.850 |     0.008 |       0.000 |      0.008 |
| VPS_MGTRAVCC    |       0.850 |     0.000 |       0.000 |      0.000 |
| VCC_PSINTFP_DDR |       0.850 |     0.000 |       0.000 |      0.000 |
| VCC_PSPLL       |       1.200 |     0.002 |       0.000 |      0.002 |
| VPS_MGTRAVTT    |       1.800 |     0.000 |       0.000 |      0.000 |
| VCCO_PSDDR_504  |       1.200 |     0.000 |       0.000 |      0.000 |
| VCC_PSAUX       |       1.800 |     0.002 |       0.000 |      0.002 |
| VCC_PSBATT      |       1.200 |     0.000 |       0.000 |      0.000 |
| VCC_PSDDR_PLL   |       1.800 |     0.000 |       0.000 |      0.000 |
| VCCO_PSIO0_500  |       3.300 |     0.000 |       0.000 |      0.000 |
| VCCO_PSIO1_501  |       3.300 |     0.000 |       0.000 |      0.000 |
| VCCO_PSIO2_502  |       3.300 |     0.000 |       0.000 |      0.000 |
| VCCO_PSIO3_503  |       3.300 |     0.000 |       0.000 |      0.000 |
| VCC_PSADC       |       1.800 |     0.002 |       0.000 |      0.002 |
| VCCINT_VCU      |       0.900 |     0.043 |       0.000 |      0.043 |
| MGTAVcc         |       0.900 |     0.000 |       0.000 |      0.000 |
| MGTAVtt         |       1.200 |     0.000 |       0.000 |      0.000 |
| MGTVccaux       |       1.800 |     0.000 |       0.000 |      0.000 |
+-----------------+-------------+-----------+-------------+------------+


1.3 Confidence Level
--------------------

+-----------------------------+------------+--------------------------------------------------------+------------------------------------------------------------------------------------------------------------+
| User Input Data             | Confidence | Details                                                | Action                                                                                                     |
+-----------------------------+------------+--------------------------------------------------------+------------------------------------------------------------------------------------------------------------+
| Design implementation state | High       | Design is routed                                       |                                                                                                            |
| Clock nodes activity        | High       | User specified more than 95% of clocks                 |                                                                                                            |
| I/O nodes activity          | Low        | More than 75% of inputs are missing user specification | Provide missing input activity with simulation results or by editing the "By Resource Type -> I/Os" view   |
| Internal nodes activity     | Medium     | User specified less than 25% of internal nodes         | Provide missing internal nodes activity with simulation results or by editing the "By Resource Type" views |
| Device models               | High       | Device models are Production                           |                                                                                                            |
|                             |            |                                                        |                                                                                                            |
| Overall confidence level    | Low        |                                                        |                                                                                                            |
+-----------------------------+------------+--------------------------------------------------------+------------------------------------------------------------------------------------------------------------+


2. Settings
-----------

2.1 Environment
---------------

+-----------------------+--------------------------+
| Ambient Temp (C)      | 25.0                     |
| ThetaJA (C/W)         | 1.0                      |
| Airflow (LFM)         | 250                      |
| Heat Sink             | medium (Medium Profile)  |
| ThetaSA (C/W)         | 1.5                      |
| Board Selection       | medium (10"x10")         |
| # of Board Layers     | 12to15 (12 to 15 Layers) |
| Board Temperature (C) | 25.0                     |
+-----------------------+--------------------------+


2.2 Clock Constraints
---------------------

+-------+--------+-----------------+
| Clock | Domain | Constraint (ns) |
+-------+--------+-----------------+


3. Detailed Reports
-------------------

3.1 By Hierarchy
----------------

+----------------------+-----------+
| Name                 | Power (W) |
+----------------------+-----------+
| MUX                  |    18.999 |
|   Lin1_IBUF[0]_inst  |     0.007 |
|   Lin1_IBUF[10]_inst |     0.007 |
|   Lin1_IBUF[11]_inst |     0.006 |
|   Lin1_IBUF[12]_inst |     0.006 |
|   Lin1_IBUF[13]_inst |     0.007 |
|   Lin1_IBUF[14]_inst |     0.007 |
|   Lin1_IBUF[15]_inst |     0.007 |
|   Lin1_IBUF[16]_inst |     0.006 |
|   Lin1_IBUF[17]_inst |     0.007 |
|   Lin1_IBUF[18]_inst |     0.007 |
|   Lin1_IBUF[19]_inst |     0.007 |
|   Lin1_IBUF[1]_inst  |     0.007 |
|   Lin1_IBUF[20]_inst |     0.006 |
|   Lin1_IBUF[21]_inst |     0.007 |
|   Lin1_IBUF[22]_inst |     0.006 |
|   Lin1_IBUF[23]_inst |     0.007 |
|   Lin1_IBUF[24]_inst |     0.007 |
|   Lin1_IBUF[25]_inst |     0.007 |
|   Lin1_IBUF[26]_inst |     0.007 |
|   Lin1_IBUF[27]_inst |     0.007 |
|   Lin1_IBUF[28]_inst |     0.007 |
|   Lin1_IBUF[29]_inst |     0.007 |
|   Lin1_IBUF[2]_inst  |     0.007 |
|   Lin1_IBUF[30]_inst |     0.007 |
|   Lin1_IBUF[31]_inst |     0.007 |
|   Lin1_IBUF[3]_inst  |     0.007 |
|   Lin1_IBUF[4]_inst  |     0.007 |
|   Lin1_IBUF[5]_inst  |     0.006 |
|   Lin1_IBUF[6]_inst  |     0.006 |
|   Lin1_IBUF[7]_inst  |     0.007 |
|   Lin1_IBUF[8]_inst  |     0.007 |
|   Lin1_IBUF[9]_inst  |     0.007 |
|   Lin2_IBUF[0]_inst  |     0.015 |
|   Lin2_IBUF[10]_inst |     0.012 |
|   Lin2_IBUF[11]_inst |     0.011 |
|   Lin2_IBUF[12]_inst |     0.015 |
|   Lin2_IBUF[13]_inst |     0.011 |
|   Lin2_IBUF[14]_inst |     0.015 |
|   Lin2_IBUF[15]_inst |     0.011 |
|   Lin2_IBUF[16]_inst |     0.015 |
|   Lin2_IBUF[17]_inst |     0.011 |
|   Lin2_IBUF[18]_inst |     0.015 |
|   Lin2_IBUF[19]_inst |     0.011 |
|   Lin2_IBUF[1]_inst  |     0.011 |
|   Lin2_IBUF[20]_inst |     0.011 |
|   Lin2_IBUF[21]_inst |     0.011 |
|   Lin2_IBUF[22]_inst |     0.011 |
|   Lin2_IBUF[23]_inst |     0.011 |
|   Lin2_IBUF[24]_inst |     0.015 |
|   Lin2_IBUF[25]_inst |     0.011 |
|   Lin2_IBUF[26]_inst |     0.012 |
|   Lin2_IBUF[27]_inst |     0.011 |
|   Lin2_IBUF[28]_inst |     0.015 |
|   Lin2_IBUF[29]_inst |     0.011 |
|   Lin2_IBUF[2]_inst  |     0.015 |
|   Lin2_IBUF[30]_inst |     0.012 |
|   Lin2_IBUF[31]_inst |     0.011 |
|   Lin2_IBUF[3]_inst  |     0.011 |
|   Lin2_IBUF[4]_inst  |     0.012 |
|   Lin2_IBUF[5]_inst  |     0.015 |
|   Lin2_IBUF[6]_inst  |     0.015 |
|   Lin2_IBUF[7]_inst  |     0.011 |
|   Lin2_IBUF[8]_inst  |     0.011 |
|   Lin2_IBUF[9]_inst  |     0.011 |
|   Trig_IBUF_inst     |     0.022 |
+----------------------+-----------+


